Company Name: 20 Microns Ltd.
Deviation of Stocks: 1128.60
Profit/Loss Percentage of Stocks: 119.05%
Current Stock Price(LTP): 173.05
High Price of Stocks in a Day: 178.00
Low Price of Stocks in a Day: 170.05

Company Name: Aadi Industries Ltd.
Deviation of Stocks: 49.80
Profit/Loss Percentage of Stocks: 86.46%
Current Stock Price(LTP): 5.37
High Price of Stocks in a Day: 5.37
Low Price of Stocks in a Day: 5.37

Company Name: Bajaj Hindusthan Sugar Limited
Deviation of Stocks: 155.80
Profit/Loss Percentage of Stocks: 49.46%
Current Stock Price(LTP): 23.54
High Price of Stocks in a Day: 24.33
Low Price of Stocks in a Day: 23.40

Company Name: Aananda Lakshmi Spinning Mills Ltd
Deviation of Stocks: 1077.60
Profit/Loss Percentage of Stocks: 187.60%
Current Stock Price(LTP): 20.65
High Price of Stocks in a Day: 20.75
Low Price of Stocks in a Day: 20.65

Company Name: Aanchal Ispat Ltd
Deviation of Stocks: -178.56
Profit/Loss Percentage of Stocks: -69.23%
Current Stock Price(LTP): 4.96
High Price of Stocks in a Day: 5.08
Low Price of Stocks in a Day: 4.83

Company Name: Aarey Drugs & Pharmaceuticals Ltd.
Deviation of Stocks: 412.80
Profit/Loss Percentage of Stocks: 38.74%
Current Stock Price(LTP): 46.20
High Price of Stocks in a Day: 47.30
Low Price of Stocks in a Day: 45.25

Company Name: Aarti Drugs Ltd.
Deviation of Stocks: 394.55
Profit/Loss Percentage of Stocks: 1.61%
Current Stock Price(LTP): 383.25
High Price of Stocks in a Day: 398.00
Low Price of Stocks in a Day: 381.75

Company Name: Adani Power Ltd.
Deviation of Stocks: 2476.50
Profit/Loss Percentage of Stocks: 98.61%
Current Stock Price(LTP): 498.80
High Price of Stocks in a Day: 506.10
Low Price of Stocks in a Day: 493.50

Company Name: Balrampur Chini Mills Ltd.
Deviation of Stocks: 495.50
Profit/Loss Percentage of Stocks: 12.79%
Current Stock Price(LTP): 437.00
High Price of Stocks in a Day: 444.25
Low Price of Stocks in a Day: 436.00

Company Name: Triveni Engineering & Industries Ltd.
Deviation of Stocks: 1196.25
Profit/Loss Percentage of Stocks: 28.03%
Current Stock Price(LTP): 364.25
High Price of Stocks in a Day: 369.10
Low Price of Stocks in a Day: 360.05

Total Deviation of Stocks: 7208.84
Total Profit/Loss Percentage of Stocks: 18.78%

Company Name: 20 Microns Ltd.
Deviation of Stocks: 1128.60
Profit/Loss Percentage of Stocks: 119.05%
Current Stock Price(LTP): 173.05
High Price of Stocks in a Day: 178.00
Low Price of Stocks in a Day: 170.05

Company Name: Aadi Industries Ltd.
Deviation of Stocks: 49.80
Profit/Loss Percentage of Stocks: 86.46%
Current Stock Price(LTP): 5.37
High Price of Stocks in a Day: 5.37
Low Price of Stocks in a Day: 5.37

Company Name: Bajaj Hindusthan Sugar Limited
Deviation of Stocks: 155.80
Profit/Loss Percentage of Stocks: 49.46%
Current Stock Price(LTP): 23.54
High Price of Stocks in a Day: 24.33
Low Price of Stocks in a Day: 23.40

Company Name: Aananda Lakshmi Spinning Mills Ltd
Deviation of Stocks: 1077.60
Profit/Loss Percentage of Stocks: 187.60%
Current Stock Price(LTP): 20.65
High Price of Stocks in a Day: 20.75
Low Price of Stocks in a Day: 20.65

Company Name: Aanchal Ispat Ltd
Deviation of Stocks: -178.56
Profit/Loss Percentage of Stocks: -69.23%
Current Stock Price(LTP): 4.96
High Price of Stocks in a Day: 5.08
Low Price of Stocks in a Day: 4.83

Company Name: Aarey Drugs & Pharmaceuticals Ltd.
Deviation of Stocks: 412.80
Profit/Loss Percentage of Stocks: 38.74%
Current Stock Price(LTP): 46.20
High Price of Stocks in a Day: 47.30
Low Price of Stocks in a Day: 45.25

Company Name: Aarti Drugs Ltd.
Deviation of Stocks: 394.55
Profit/Loss Percentage of Stocks: 1.61%
Current Stock Price(LTP): 383.25
High Price of Stocks in a Day: 398.00
Low Price of Stocks in a Day: 381.75

Company Name: Adani Power Ltd.
Deviation of Stocks: 2476.50
Profit/Loss Percentage of Stocks: 98.61%
Current Stock Price(LTP): 498.80
High Price of Stocks in a Day: 506.10
Low Price of Stocks in a Day: 493.50

Company Name: Balrampur Chini Mills Ltd.
Deviation of Stocks: 495.50
Profit/Loss Percentage of Stocks: 12.79%
Current Stock Price(LTP): 437.00
High Price of Stocks in a Day: 444.25
Low Price of Stocks in a Day: 436.00

Company Name: Triveni Engineering & Industries Ltd.
Deviation of Stocks: 1196.25
Profit/Loss Percentage of Stocks: 28.03%
Current Stock Price(LTP): 364.25
High Price of Stocks in a Day: 369.10
Low Price of Stocks in a Day: 360.05

Total Deviation of Stocks: 7208.84
Total Profit/Loss Percentage of Stocks: 18.78%

Company Name: 20 Microns Ltd.
Deviation of Stocks: 1128.60
Profit/Loss Percentage of Stocks: 119.05%
Current Stock Price(LTP): 173.05
High Price of Stocks in a Day: 178.00
Low Price of Stocks in a Day: 170.05

Company Name: Aadi Industries Ltd.
Deviation of Stocks: 49.80
Profit/Loss Percentage of Stocks: 86.46%
Current Stock Price(LTP): 5.37
High Price of Stocks in a Day: 5.37
Low Price of Stocks in a Day: 5.37

Company Name: Bajaj Hindusthan Sugar Limited
Deviation of Stocks: 155.80
Profit/Loss Percentage of Stocks: 49.46%
Current Stock Price(LTP): 23.54
High Price of Stocks in a Day: 24.33
Low Price of Stocks in a Day: 23.40

Company Name: Aananda Lakshmi Spinning Mills Ltd
Deviation of Stocks: 1077.60
Profit/Loss Percentage of Stocks: 187.60%
Current Stock Price(LTP): 20.65
High Price of Stocks in a Day: 20.75
Low Price of Stocks in a Day: 20.65

Company Name: Aanchal Ispat Ltd
Deviation of Stocks: -178.56
Profit/Loss Percentage of Stocks: -69.23%
Current Stock Price(LTP): 4.96
High Price of Stocks in a Day: 5.08
Low Price of Stocks in a Day: 4.83

Company Name: Aarey Drugs & Pharmaceuticals Ltd.
Deviation of Stocks: 412.80
Profit/Loss Percentage of Stocks: 38.74%
Current Stock Price(LTP): 46.20
High Price of Stocks in a Day: 47.30
Low Price of Stocks in a Day: 45.25

Company Name: Aarti Drugs Ltd.
Deviation of Stocks: 394.55
Profit/Loss Percentage of Stocks: 1.61%
Current Stock Price(LTP): 383.25
High Price of Stocks in a Day: 398.00
Low Price of Stocks in a Day: 381.75

Company Name: Adani Power Ltd.
Deviation of Stocks: 2476.50
Profit/Loss Percentage of Stocks: 98.61%
Current Stock Price(LTP): 498.80
High Price of Stocks in a Day: 506.10
Low Price of Stocks in a Day: 493.50

Company Name: Balrampur Chini Mills Ltd.
Deviation of Stocks: 495.50
Profit/Loss Percentage of Stocks: 12.79%
Current Stock Price(LTP): 437.00
High Price of Stocks in a Day: 444.25
Low Price of Stocks in a Day: 436.00

Company Name: Triveni Engineering & Industries Ltd.
Deviation of Stocks: 1196.25
Profit/Loss Percentage of Stocks: 28.03%
Current Stock Price(LTP): 364.25
High Price of Stocks in a Day: 369.10
Low Price of Stocks in a Day: 360.05

Total Deviation of Stocks: 7208.84
Total Profit/Loss Percentage of Stocks: 18.78%

